<?xml version="1.0" encoding="UTF-8"?>
<testng-results ignored="0" total="1" passed="1" failed="0" skipped="0">
  <reporter-output>
  </reporter-output>
  <suite started-at="2021-02-24T07:29:02 IST" name="Default suite" finished-at="2021-02-24T07:29:39 IST" duration-ms="37350">
    <groups>
    </groups>
    <test started-at="2021-02-24T07:29:02 IST" name="Default test" finished-at="2021-02-24T07:29:39 IST" duration-ms="37350">
      <class name="kdf.Application">
        <test-method signature="verifyInvalidLogin()[pri:0, instance:kdf.Application@2525ff7e]" started-at="2021-02-24T07:29:02 IST" name="verifyInvalidLogin" finished-at="2021-02-24T07:29:39 IST" duration-ms="37253" status="PASS">
          <reporter-output>
          </reporter-output>
        </test-method> <!-- verifyInvalidLogin -->
      </class> <!-- kdf.Application -->
    </test> <!-- Default test -->
  </suite> <!-- Default suite -->
</testng-results>
